Build started 11/21/2013 10:15:31 AM.
     1>Project "C:\Users\jjosburn\Documents\programming\protolisp\sequence\sequence.vcxproj" on node 2 (build target(s)).
     1>InitializeBuildStatus:
         Creating "Debug\sequence.unsuccessfulbuild" because "AlwaysCreate" was specified.
       ClCompile:
         C:\Program Files (x86)\Microsoft Visual Studio 10.0\VC\bin\CL.exe /c /Zi /nologo /W3 /WX- /Od /Oy- /D WIN32 /D _DEBUG /D _CONSOLE /D _UNICODE /D UNICODE /Gm /EHsc /RTC1 /MDd /GS /fp:precise /Zc:wchar_t /Zc:forScope /Fo"Debug\\" /Fd"Debug\vc100.pdb" /Gd /TC /analyze- /errorReport:prompt main.c
         main.c
       ManifestResourceCompile:
         All outputs are up-to-date.
       Link:
         C:\Program Files (x86)\Microsoft Visual Studio 10.0\VC\bin\link.exe /ERRORREPORT:PROMPT /OUT:"C:\Users\jjosburn\Documents\programming\protolisp\Debug\sequence.exe" /INCREMENTAL /NOLOGO kernel32.lib user32.lib gdi32.lib winspool.lib comdlg32.lib advapi32.lib shell32.lib ole32.lib oleaut32.lib uuid.lib odbc32.lib odbccp32.lib /MANIFEST /ManifestFile:"Debug\sequence.exe.intermediate.manifest" /MANIFESTUAC:"level='asInvoker' uiAccess='false'" /DEBUG /PDB:"C:\Users\jjosburn\Documents\programming\protolisp\Debug\sequence.pdb" /SUBSYSTEM:CONSOLE /TLBID:1 /DYNAMICBASE /NXCOMPAT /IMPLIB:"C:\Users\jjosburn\Documents\programming\protolisp\Debug\sequence.lib" /MACHINE:X86 Debug\sequence.exe.embed.manifest.res
         Debug\main.obj
       Manifest:
         C:\Program Files (x86)\Microsoft SDKs\Windows\v7.0A\bin\mt.exe /nologo /verbose /out:"Debug\sequence.exe.embed.manifest" /manifest Debug\sequence.exe.intermediate.manifest
         All outputs are up-to-date.
       LinkEmbedManifest:
         All outputs are up-to-date.
         sequence.vcxproj -> C:\Users\jjosburn\Documents\programming\protolisp\Debug\sequence.exe
       FinalizeBuildStatus:
         Deleting file "Debug\sequence.unsuccessfulbuild".
         Touching "Debug\sequence.lastbuildstate".
     1>Done Building Project "C:\Users\jjosburn\Documents\programming\protolisp\sequence\sequence.vcxproj" (build target(s)).

Build succeeded.

Time Elapsed 00:00:00.37
